-------------------------------------------------------------------------------
Test set: br.com.aula.restapi.RestapiApplicationTests
-------------------------------------------------------------------------------
Tests run: 1, Failures: 0, Errors: 1, Skipped: 0, Time elapsed: 0.391 s <<< FAILURE! - in br.com.aula.restapi.RestapiApplicationTests
br.com.aula.restapi.RestapiApplicationTests  Time elapsed: 0.391 s  <<< ERROR!
java.lang.IllegalStateException: Unable to find a @SpringBootConfiguration, you need to use @ContextConfiguration or @SpringBootTest(classes=...) with your test

